DEMONUM2  EZ390 START
EZ390I Copyright 2011 Automated Software Tools Corporation
EZ390I Copyright 2013 Cat Herder Software, LLC
EZ390I Copyright 2018 Joachim Bartz, Germany
EZ390I z390 is licensed under GNU General Public License
EZ390I program = demo\DEMONUM2.390
EZ390I options = notiming stats systerm(demo\RTDEMO)
DEMONUM2 PRIMES FROM 1 TO 4000 USING 390 CODE
 73099     1
 73098     3
 73097     5
 73096     7
 73095    11
 73094    13
 73093    17
 73092    19
 73091    23
 73090    29
 73089    31
 73088    37
 73087    41
 73086    43
 73085    47
 73084    53
 73083    59
 73082    61
 73081    67
 73080    71
 73079    73
 73078    79
 73077    83
 73076    89
 73075    97
 73074   101
 73073   103
 73072   107
 73071   109
 73070   113
 73069   127
 73068   131
 73067   137
 73066   139
 73065   149
 73064   151
 73063   157
 73062   163
 73061   167
 73060   173
 73059   179
 73058   181
 73057   191
 73056   193
 73055   197
 73054   199
 73053   211
 73052   223
 73051   227
 73050   229
 73049   233
 73048   239
 73047   241
 73046   251
 73045   257
 73044   263
 73043   269
 73042   271
 73041   277
 73040   281
 73039   283
 73038   293
 73037   307
 73036   311
 73035   313
 73034   317
 73033   331
 73032   337
 73031   347
 73030   349
 73029   353
 73028   359
 73027   367
 73026   373
 73025   379
 73024   383
 73023   389
 73022   397
 73021   401
 73020   409
 73019   419
 73018   421
 73017   431
 73016   433
 73015   439
 73014   443
 73013   449
 73012   457
 73011   461
 73010   463
 73009   467
 73008   479
 73007   487
 73006   491
 73005   499
 73004   503
 73003   509
 73002   521
 73001   523
 73000   541
 72999   547
 72998   557
 72997   563
 72996   569
 72995   571
 72994   577
 72993   587
 72992   593
 72991   599
 72990   601
 72989   607
 72988   613
 72987   617
 72986   619
 72985   631
 72984   641
 72983   643
 72982   647
 72981   653
 72980   659
 72979   661
 72978   673
 72977   677
 72976   683
 72975   691
 72974   701
 72973   709
 72972   719
 72971   727
 72970   733
 72969   739
 72968   743
 72967   751
 72966   757
 72965   761
 72964   769
 72963   773
 72962   787
 72961   797
 72960   809
 72959   811
 72958   821
 72957   823
 72956   827
 72955   829
 72954   839
 72953   853
 72952   857
 72951   859
 72950   863
 72949   877
 72948   881
 72947   883
 72946   887
 72945   907
 72944   911
 72943   919
 72942   929
 72941   937
 72940   941
 72939   947
 72938   953
 72937   967
 72936   971
 72935   977
 72934   983
 72933   991
 72932   997
 72931  1009
 72930  1013
 72929  1019
 72928  1021
 72927  1031
 72926  1033
 72925  1039
 72924  1049
 72923  1051
 72922  1061
 72921  1063
 72920  1069
 72919  1087
 72918  1091
 72917  1093
 72916  1097
 72915  1103
 72914  1109
 72913  1117
 72912  1123
 72911  1129
 72910  1151
 72909  1153
 72908  1163
 72907  1171
 72906  1181
 72905  1187
 72904  1193
 72903  1201
 72902  1213
 72901  1217
 72900  1223
 72899  1229
 72898  1231
 72897  1237
 72896  1249
 72895  1259
 72894  1277
 72893  1279
 72892  1283
 72891  1289
 72890  1291
 72889  1297
 72888  1301
 72887  1303
 72886  1307
 72885  1319
 72884  1321
 72883  1327
 72882  1361
 72881  1367
 72880  1373
 72879  1381
 72878  1399
 72877  1409
 72876  1423
 72875  1427
 72874  1429
 72873  1433
 72872  1439
 72871  1447
 72870  1451
 72869  1453
 72868  1459
 72867  1471
 72866  1481
 72865  1483
 72864  1487
 72863  1489
 72862  1493
 72861  1499
 72860  1511
 72859  1523
 72858  1531
 72857  1543
 72856  1549
 72855  1553
 72854  1559
 72853  1567
 72852  1571
 72851  1579
 72850  1583
 72849  1597
 72848  1601
 72847  1607
 72846  1609
 72845  1613
 72844  1619
 72843  1621
 72842  1627
 72841  1637
 72840  1657
 72839  1663
 72838  1667
 72837  1669
 72836  1693
 72835  1697
 72834  1699
 72833  1709
 72832  1721
 72831  1723
 72830  1733
 72829  1741
 72828  1747
 72827  1753
 72826  1759
 72825  1777
 72824  1783
 72823  1787
 72822  1789
 72821  1801
 72820  1811
 72819  1823
 72818  1831
 72817  1847
 72816  1861
 72815  1867
 72814  1871
 72813  1873
 72812  1877
 72811  1879
 72810  1889
 72809  1901
 72808  1907
 72807  1913
 72806  1931
 72805  1933
 72804  1949
 72803  1951
 72802  1973
 72801  1979
 72800  1987
 72799  1993
 72798  1997
 72797  1999
 72796  2003
 72795  2011
 72794  2017
 72793  2027
 72792  2029
 72791  2039
 72790  2053
 72789  2063
 72788  2069
 72787  2081
 72786  2083
 72785  2087
 72784  2089
 72783  2099
 72782  2111
 72781  2113
 72780  2129
 72779  2131
 72778  2137
 72777  2141
 72776  2143
 72775  2153
 72774  2161
 72773  2179
 72772  2203
 72771  2207
 72770  2213
 72769  2221
 72768  2237
 72767  2239
 72766  2243
 72765  2251
 72764  2267
 72763  2269
 72762  2273
 72761  2281
 72760  2287
 72759  2293
 72758  2297
 72757  2309
 72756  2311
 72755  2333
 72754  2339
 72753  2341
 72752  2347
 72751  2351
 72750  2357
 72749  2371
 72748  2377
 72747  2381
 72746  2383
 72745  2389
 72744  2393
 72743  2399
 72742  2411
 72741  2417
 72740  2423
 72739  2437
 72738  2441
 72737  2447
 72736  2459
 72735  2467
 72734  2473
 72733  2477
 72732  2503
 72731  2521
 72730  2531
 72729  2539
 72728  2543
 72727  2549
 72726  2551
 72725  2557
 72724  2579
 72723  2591
 72722  2593
 72721  2609
 72720  2617
 72719  2621
 72718  2633
 72717  2647
 72716  2657
 72715  2659
 72714  2663
 72713  2671
 72712  2677
 72711  2683
 72710  2687
 72709  2689
 72708  2693
 72707  2699
 72706  2707
 72705  2711
 72704  2713
 72703  2719
 72702  2729
 72701  2731
 72700  2741
 72699  2749
 72698  2753
 72697  2767
 72696  2777
 72695  2789
 72694  2791
 72693  2797
 72692  2801
 72691  2803
 72690  2819
 72689  2833
 72688  2837
 72687  2843
 72686  2851
 72685  2857
 72684  2861
 72683  2879
 72682  2887
 72681  2897
 72680  2903
 72679  2909
 72678  2917
 72677  2927
 72676  2939
 72675  2953
 72674  2957
 72673  2963
 72672  2969
 72671  2971
 72670  2999
 72669  3001
 72668  3011
 72667  3019
 72666  3023
 72665  3037
 72664  3041
 72663  3049
 72662  3061
 72661  3067
 72660  3079
 72659  3083
 72658  3089
 72657  3109
 72656  3119
 72655  3121
 72654  3137
 72653  3163
 72652  3167
 72651  3169
 72650  3181
 72649  3187
 72648  3191
 72647  3203
 72646  3209
 72645  3217
 72644  3221
 72643  3229
 72642  3251
 72641  3253
 72640  3257
 72639  3259
 72638  3271
 72637  3299
 72636  3301
 72635  3307
 72634  3313
 72633  3319
 72632  3323
 72631  3329
 72630  3331
 72629  3343
 72628  3347
 72627  3359
 72626  3361
 72625  3371
 72624  3373
 72623  3389
 72622  3391
 72621  3407
 72620  3413
 72619  3433
 72618  3449
 72617  3457
 72616  3461
 72615  3463
 72614  3467
 72613  3469
 72612  3491
 72611  3499
 72610  3511
 72609  3517
 72608  3527
 72607  3529
 72606  3533
 72605  3539
 72604  3541
 72603  3547
 72602  3557
 72601  3559
 72600  3571
 72599  3581
 72598  3583
 72597  3593
 72596  3607
 72595  3613
 72594  3617
 72593  3623
 72592  3631
 72591  3637
 72590  3643
 72589  3659
 72588  3671
 72587  3673
 72586  3677
 72585  3691
 72584  3697
 72583  3701
 72582  3709
 72581  3719
 72580  3727
 72579  3733
 72578  3739
 72577  3761
 72576  3767
 72575  3769
 72574  3779
 72573  3793
 72572  3797
 72571  3803
 72570  3821
 72569  3823
 72568  3833
 72567  3847
 72566  3851
 72565  3853
 72564  3863
 72563  3877
 72562  3881
 72561  3889
 72560  3907
 72559  3911
 72558  3917
 72557  3919
 72556  3923
 72555  3929
 72554  3931
 72553  3943
 72552  3947
 72551  3967
 72550  3989
EZ390I total errors         = 0
DEMONUM2  EZ390 ENDED RC= 0 IO=707 INS=155900
