DEMOM8Q1  MZ390 START
DEMOM8Q1  MZ390 MNOTE 0,'SOLUTION 1 5 8 6 3 7 2 4'
DEMOM8Q1  MZ390 MNOTE 0,'SOLUTION 1 6 8 3 7 4 2 5'
DEMOM8Q1  MZ390 MNOTE 0,'SOLUTION 1 7 4 6 8 2 5 3'
DEMOM8Q1  MZ390 MNOTE 0,'SOLUTION 1 7 5 8 2 4 6 3'
DEMOM8Q1  MZ390 MNOTE 0,'SOLUTION 2 4 6 8 3 1 7 5'
DEMOM8Q1  MZ390 MNOTE 0,'SOLUTION 2 5 7 1 3 8 6 4'
DEMOM8Q1  MZ390 MNOTE 0,'SOLUTION 2 5 7 4 1 8 6 3'
DEMOM8Q1  MZ390 MNOTE 0,'SOLUTION 2 6 1 7 4 8 3 5'
DEMOM8Q1  MZ390 MNOTE 0,'SOLUTION 2 6 8 3 1 4 7 5'
DEMOM8Q1  MZ390 MNOTE 0,'SOLUTION 2 7 3 6 8 5 1 4'
DEMOM8Q1  MZ390 MNOTE 0,'SOLUTION 2 7 5 8 1 4 6 3'
DEMOM8Q1  MZ390 MNOTE 0,'SOLUTION 2 8 6 1 3 5 7 4'
DEMOM8Q1  MZ390 MNOTE 0,'SOLUTION 3 1 7 5 8 2 4 6'
DEMOM8Q1  MZ390 MNOTE 0,'SOLUTION 3 5 2 8 1 7 4 6'
DEMOM8Q1  MZ390 MNOTE 0,'SOLUTION 3 5 2 8 6 4 7 1'
DEMOM8Q1  MZ390 MNOTE 0,'SOLUTION 3 5 7 1 4 2 8 6'
DEMOM8Q1  MZ390 MNOTE 0,'SOLUTION 3 5 8 4 1 7 2 6'
DEMOM8Q1  MZ390 MNOTE 0,'SOLUTION 3 6 2 5 8 1 7 4'
DEMOM8Q1  MZ390 MNOTE 0,'SOLUTION 3 6 2 7 1 4 8 5'
DEMOM8Q1  MZ390 MNOTE 0,'SOLUTION 3 6 2 7 5 1 8 4'
DEMOM8Q1  MZ390 MNOTE 0,'SOLUTION 3 6 4 1 8 5 7 2'
DEMOM8Q1  MZ390 MNOTE 0,'SOLUTION 3 6 4 2 8 5 7 1'
DEMOM8Q1  MZ390 MNOTE 0,'SOLUTION 3 6 8 1 4 7 5 2'
DEMOM8Q1  MZ390 MNOTE 0,'SOLUTION 3 6 8 1 5 7 2 4'
DEMOM8Q1  MZ390 MNOTE 0,'SOLUTION 3 6 8 2 4 1 7 5'
DEMOM8Q1  MZ390 MNOTE 0,'SOLUTION 3 7 2 8 5 1 4 6'
DEMOM8Q1  MZ390 MNOTE 0,'SOLUTION 3 7 2 8 6 4 1 5'
DEMOM8Q1  MZ390 MNOTE 0,'SOLUTION 3 8 4 7 1 6 2 5'
DEMOM8Q1  MZ390 MNOTE 0,'SOLUTION 4 1 5 8 2 7 3 6'
DEMOM8Q1  MZ390 MNOTE 0,'SOLUTION 4 1 5 8 6 3 7 2'
DEMOM8Q1  MZ390 MNOTE 0,'SOLUTION 4 2 5 8 6 1 3 7'
DEMOM8Q1  MZ390 MNOTE 0,'SOLUTION 4 2 7 3 6 8 1 5'
DEMOM8Q1  MZ390 MNOTE 0,'SOLUTION 4 2 7 3 6 8 5 1'
DEMOM8Q1  MZ390 MNOTE 0,'SOLUTION 4 2 7 5 1 8 6 3'
DEMOM8Q1  MZ390 MNOTE 0,'SOLUTION 4 2 8 5 7 1 3 6'
DEMOM8Q1  MZ390 MNOTE 0,'SOLUTION 4 2 8 6 1 3 5 7'
DEMOM8Q1  MZ390 MNOTE 0,'SOLUTION 4 6 1 5 2 8 3 7'
DEMOM8Q1  MZ390 MNOTE 0,'SOLUTION 4 6 8 2 7 1 3 5'
DEMOM8Q1  MZ390 MNOTE 0,'SOLUTION 4 6 8 3 1 7 5 2'
DEMOM8Q1  MZ390 MNOTE 0,'SOLUTION 4 7 1 8 5 2 6 3'
DEMOM8Q1  MZ390 MNOTE 0,'SOLUTION 4 7 3 8 2 5 1 6'
DEMOM8Q1  MZ390 MNOTE 0,'SOLUTION 4 7 5 2 6 1 3 8'
DEMOM8Q1  MZ390 MNOTE 0,'SOLUTION 4 7 5 3 1 6 8 2'
DEMOM8Q1  MZ390 MNOTE 0,'SOLUTION 4 8 1 3 6 2 7 5'
DEMOM8Q1  MZ390 MNOTE 0,'SOLUTION 4 8 1 5 7 2 6 3'
DEMOM8Q1  MZ390 MNOTE 0,'SOLUTION 4 8 5 3 1 7 2 6'
DEMOM8Q1  MZ390 MNOTE 0,'SOLUTION 5 1 4 6 8 2 7 3'
DEMOM8Q1  MZ390 MNOTE 0,'SOLUTION 5 1 8 4 2 7 3 6'
DEMOM8Q1  MZ390 MNOTE 0,'SOLUTION 5 1 8 6 3 7 2 4'
DEMOM8Q1  MZ390 MNOTE 0,'SOLUTION 5 2 4 6 8 3 1 7'
DEMOM8Q1  MZ390 MNOTE 0,'SOLUTION 5 2 4 7 3 8 6 1'
DEMOM8Q1  MZ390 MNOTE 0,'SOLUTION 5 2 6 1 7 4 8 3'
DEMOM8Q1  MZ390 MNOTE 0,'SOLUTION 5 2 8 1 4 7 3 6'
DEMOM8Q1  MZ390 MNOTE 0,'SOLUTION 5 3 1 6 8 2 4 7'
DEMOM8Q1  MZ390 MNOTE 0,'SOLUTION 5 3 1 7 2 8 6 4'
DEMOM8Q1  MZ390 MNOTE 0,'SOLUTION 5 3 8 4 7 1 6 2'
DEMOM8Q1  MZ390 MNOTE 0,'SOLUTION 5 7 1 3 8 6 4 2'
DEMOM8Q1  MZ390 MNOTE 0,'SOLUTION 5 7 1 4 2 8 6 3'
DEMOM8Q1  MZ390 MNOTE 0,'SOLUTION 5 7 2 4 8 1 3 6'
DEMOM8Q1  MZ390 MNOTE 0,'SOLUTION 5 7 2 6 3 1 4 8'
DEMOM8Q1  MZ390 MNOTE 0,'SOLUTION 5 7 2 6 3 1 8 4'
DEMOM8Q1  MZ390 MNOTE 0,'SOLUTION 5 7 4 1 3 8 6 2'
DEMOM8Q1  MZ390 MNOTE 0,'SOLUTION 5 8 4 1 3 6 2 7'
DEMOM8Q1  MZ390 MNOTE 0,'SOLUTION 5 8 4 1 7 2 6 3'
DEMOM8Q1  MZ390 MNOTE 0,'SOLUTION 6 1 5 2 8 3 7 4'
DEMOM8Q1  MZ390 MNOTE 0,'SOLUTION 6 2 7 1 3 5 8 4'
DEMOM8Q1  MZ390 MNOTE 0,'SOLUTION 6 2 7 1 4 8 5 3'
DEMOM8Q1  MZ390 MNOTE 0,'SOLUTION 6 3 1 7 5 8 2 4'
DEMOM8Q1  MZ390 MNOTE 0,'SOLUTION 6 3 1 8 4 2 7 5'
DEMOM8Q1  MZ390 MNOTE 0,'SOLUTION 6 3 1 8 5 2 4 7'
DEMOM8Q1  MZ390 MNOTE 0,'SOLUTION 6 3 5 7 1 4 2 8'
DEMOM8Q1  MZ390 MNOTE 0,'SOLUTION 6 3 5 8 1 4 2 7'
DEMOM8Q1  MZ390 MNOTE 0,'SOLUTION 6 3 7 2 4 8 1 5'
DEMOM8Q1  MZ390 MNOTE 0,'SOLUTION 6 3 7 2 8 5 1 4'
DEMOM8Q1  MZ390 MNOTE 0,'SOLUTION 6 3 7 4 1 8 2 5'
DEMOM8Q1  MZ390 MNOTE 0,'SOLUTION 6 4 1 5 8 2 7 3'
DEMOM8Q1  MZ390 MNOTE 0,'SOLUTION 6 4 2 8 5 7 1 3'
DEMOM8Q1  MZ390 MNOTE 0,'SOLUTION 6 4 7 1 3 5 2 8'
DEMOM8Q1  MZ390 MNOTE 0,'SOLUTION 6 4 7 1 8 2 5 3'
DEMOM8Q1  MZ390 MNOTE 0,'SOLUTION 6 8 2 4 1 7 5 3'
DEMOM8Q1  MZ390 MNOTE 0,'SOLUTION 7 1 3 8 6 4 2 5'
DEMOM8Q1  MZ390 MNOTE 0,'SOLUTION 7 2 4 1 8 5 3 6'
DEMOM8Q1  MZ390 MNOTE 0,'SOLUTION 7 2 6 3 1 4 8 5'
DEMOM8Q1  MZ390 MNOTE 0,'SOLUTION 7 3 1 6 8 5 2 4'
DEMOM8Q1  MZ390 MNOTE 0,'SOLUTION 7 3 8 2 5 1 6 4'
DEMOM8Q1  MZ390 MNOTE 0,'SOLUTION 7 4 2 5 8 1 3 6'
DEMOM8Q1  MZ390 MNOTE 0,'SOLUTION 7 4 2 8 6 1 3 5'
DEMOM8Q1  MZ390 MNOTE 0,'SOLUTION 7 5 3 1 6 8 2 4'
DEMOM8Q1  MZ390 MNOTE 0,'SOLUTION 8 2 4 1 7 5 3 6'
DEMOM8Q1  MZ390 MNOTE 0,'SOLUTION 8 2 5 3 1 7 4 6'
DEMOM8Q1  MZ390 MNOTE 0,'SOLUTION 8 3 1 6 2 5 7 4'
DEMOM8Q1  MZ390 MNOTE 0,'SOLUTION 8 4 1 3 6 2 7 5'
DEMOM8Q1  MZ390 ENDED RC= 0 IO=298
