DEMO      MZ390 START
DEMO      MZ390 ENDED RC= 0 IO=994
DEMO      LZ390 START
DEMO      LZ390 ENDED RC= 0 IO=187
DEMO      EZ390 START
DEMO      EZ390 ENDED RC= 0 IO=157 INS=13
DEMOBMK1  MZ390 START
DEMOBMK1  MZ390 ENDED RC= 0 IO=973
DEMOBMK1  LZ390 START
DEMOBMK1  LZ390 ENDED RC= 0 IO=193
DEMOBMK1  EZ390 START
DEMOBMK1  EZ390 ENDED RC= 0 IO=157 INS=2000014
DEMOBMK2  MZ390 START
DEMOBMK2  MZ390 ENDED RC= 0 IO=1187
DEMOBMK2  LZ390 START
DEMOBMK2  LZ390 ENDED RC= 0 IO=207
DEMOBMK2  EZ390 START
DEMOBMK2  EZ390 ENDED RC= 0 IO=158 INS=200027
DEMODFP1  MZ390 START
DEMODFP1  MZ390 ENDED RC= 0 IO=1287
DEMODFP1  LZ390 START
DEMODFP1  LZ390 ENDED RC= 0 IO=245
DEMODFP1  EZ390 START
DEMODFP1  EZ390 ENDED RC= 0 IO=168 INS=33
DEMONUM2  MZ390 START
DEMONUM2  MZ390 ENDED RC= 0 IO=1098
DEMONUM2  LZ390 START
DEMONUM2  LZ390 ENDED RC= 0 IO=207
DEMONUM2  EZ390 START
DEMONUM2  EZ390 ENDED RC= 0 IO=707 INS=155900
DEMOSTR1  MZ390 START
DEMOSTR1  MZ390 ENDED RC= 0 IO=2404
DEMOSTR1  LZ390 START
DEMOSTR1  LZ390 ENDED RC= 0 IO=239
DEMOSTR1  EZ390 START
DEMOSTR1  EZ390 ENDED RC= 0 IO=166 INS=68
DEMOWTO1  MZ390 START
DEMOWTO1  MZ390 ENDED RC= 0 IO=958
DEMOWTO1  LZ390 START
DEMOWTO1  LZ390 ENDED RC= 0 IO=187
DEMOWTO1  EZ390 START
DEMOWTO1  EZ390 ENDED RC= 0 IO=157 INS=13
DEMOWTO2  MZ390 START
DEMOWTO2  MZ390 ENDED RC= 0 IO=993
DEMOWTO2  LZ390 START
DEMOWTO2  LZ390 ENDED RC= 0 IO=197
DEMOWTO2  EZ390 START
DEMOWTO2  EZ390 ENDED RC= 0 IO=161 INS=21
SIEVE     MZ390 START
SIEVE     MZ390 ENDED RC= 0 IO=2355
SIEVE     LZ390 START
SIEVE     LZ390 ENDED RC= 0 IO=391
SIEVE     EZ390 START
SIEVE     EZ390 ENDED RC= 0 IO=370 INS=5321914
STDDEVLB  MZ390 START
STDDEVLB  MZ390 ENDED RC= 0 IO=3078
STDDEVLB  LZ390 START
STDDEVLB  LZ390 ENDED RC= 0 IO=344
STDDEVLB  EZ390 START
STDDEVLB  EZ390 ENDED RC= 0 IO=179 INS=151
