SIEVE     EZ390 START
EZ390I Copyright 2011 Automated Software Tools Corporation
EZ390I Copyright 2013 Cat Herder Software, LLC
EZ390I Copyright 2018 Joachim Bartz, Germany
EZ390I z390 is licensed under GNU General Public License
EZ390I program = demo\SIEVE.390
EZ390I options = notiming stats systerm(demo\RTDEMO)

SIEVE.MLC PROGRAM TO PRINT PRIMES ENDING
IN 999 UP TO 1,000,000 USING 1,000,000 BYTE TABLE.
CALL PET TO DISPLAY ELAPSED TIME AND MIP RATES
PREVIOUS BENCHMARKS OF THIS SAME PROGRAM ARE:
PC/370 TIME = 176 SEC. ON  4.77 MHZ  8088 PC.
PC/370 TIME =  63 SEC. ON  6    MHZ 80286 PC/AT.
PC/370 TIME =  37 SEC. ON 10    MHZ 80286 PS/2-50.
PC/370 TIME =  31 SEC. ON 12    MHZ 80286 COMPAQ.
PC/370 TIME =  20 SEC. ON 16    MHZ 80386 COMPAQ.
PC/370 RATE = 3.1 MIPS ON 2 GHZ DELL DUO CORE
Z390   RATE = 3.3 MIPS ON 2 GHZ DELL DUO CORE
Z390   RATE = 5.1 MIPS ON 2 GHZ ASUS G71V CENTRINO 2

2019-02-10 17:55:57.181207500 INS=             51 MIPS=   0.00
     1,999
     2,999
     4,999
     8,999
    13,999
    25,999
    32,999
    35,999
    41,999
    49,999
    52,999
    56,999
    59,999
    70,999
    71,999
    73,999
    77,999
    79,999
    85,999
    94,999
    98,999
   100,999
   101,999
   104,999
   107,999
   133,999
   134,999
   136,999
   137,999
   139,999
   143,999
   157,999
   161,999
   164,999
   172,999
   179,999
   182,999
   184,999
   188,999
   191,999
   199,999
   202,999
   203,999
   212,999
   221,999
   223,999
   230,999
   239,999
   242,999
   247,999
   253,999
   260,999
   266,999
   268,999
   272,999
   275,999
   277,999
   286,999
   289,999
   290,999
   293,999
   298,999
   301,999
   302,999
   305,999
   308,999
   322,999
   325,999
   326,999
   329,999
   331,999
   335,999
   337,999
   338,999
   340,999
   356,999
   358,999
   371,999
   373,999
   377,999
   379,999
   382,999
   389,999
   391,999
   409,999
   410,999
   415,999
   419,999
   430,999
   436,999
   443,999
   448,999
   455,999
   464,999
   470,999
   473,999
   478,999
   484,999
   496,999
   497,999
   506,999
   512,999
   517,999
   521,999
   524,999
   529,999
   532,999
   533,999
   535,999
   536,999
   541,999
   542,999
   547,999
   556,999
   563,999
   566,999
   568,999
   578,999
   584,999
   587,999
   598,999
   599,999
   602,999
   608,999
   611,999
   613,999
   616,999
   619,999
   620,999
   638,999
   644,999
   652,999
   659,999
   662,999
   667,999
   668,999
   671,999
   679,999
   688,999
   694,999
   695,999
   697,999
   704,999
   706,999
   715,999
   718,999
   725,999
   730,999
   731,999
   737,999
   742,999
   745,999
   763,999
   764,999
   766,999
   769,999
   773,999
   781,999
   787,999
   788,999
   793,999
   794,999
   799,999
   800,999
   806,999
   818,999
   821,999
   833,999
   839,999
   844,999
   853,999
   854,999
   868,999
   872,999
   884,999
   886,999
   890,999
   892,999
   893,999
   904,999
   905,999
   907,999
   913,999
   916,999
   920,999
   931,999
   932,999
   935,999
   941,999
   956,999
   967,999
   970,999
   974,999
   980,999
   989,999
   991,999
2019-02-10 17:55:58.102779100 INS=      5,321,883 MIPS=   5.78
EZ390I total errors         = 0
SIEVE     EZ390 ENDED RC= 0 IO=370 INS=5321914
