SIEVE     MZ390 START
SIEVE     MZ390 Copyright 2011 Automated Software Tools Corporation
SIEVE     MZ390 Copyright 2013 Cat Herder Software, LLC
SIEVE     MZ390 Copyright 2018 Joachim Bartz, Germany
SIEVE     MZ390 z390 is licensed under GNU General Public License
SIEVE     MZ390 program = demo\SIEVE.MLC
SIEVE     MZ390 options = sysmac(C:\Users\Achim\GitHub\z390\mac+.) 
  syscpy(C:\Users\Achim\GitHub\z390\mac+.) notiming stats 
  systerm(demo\RTDEMO)
SIEVE     MZ390 final_options=ALIGN
SIEVE     MZ390 final_options=NOALLOW
SIEVE     MZ390 final_options=NOAMODE24
SIEVE     MZ390 final_options=AMODE31
SIEVE     MZ390 final_options=NOASCII
SIEVE     MZ390 final_options=ASM
SIEVE     MZ390 final_options=NOASSIST
SIEVE     MZ390 final_options=AUTOLINK
SIEVE     MZ390 final_options=NOBAL
SIEVE     MZ390 final_options=NOBS2000
SIEVE     MZ390 final_options=EDF
SIEVE     MZ390 final_options=NOCICS
SIEVE     MZ390 final_options=CODEPAGE(ISO-8859-1+IBM1047)
SIEVE     MZ390 final_options=COMMENT
SIEVE     MZ390 final_options=CON
SIEVE     MZ390 final_options=NODUMP
SIEVE     MZ390 final_options=EPILOG
SIEVE     MZ390 final_options=NOERRSUM
SIEVE     MZ390 final_options=EXTEND
SIEVE     MZ390 final_options=FLOAT(DECIMAL)
SIEVE     MZ390 final_options=NOGUAM
SIEVE     MZ390 final_options=INIT
SIEVE     MZ390 final_options=LIST
SIEVE     MZ390 final_options=LISTCALL
SIEVE     MZ390 final_options=LISTUSE
SIEVE     MZ390 final_options=LOADHIGH
SIEVE     MZ390 final_options=NOMCALL
SIEVE     MZ390 final_options=NOMOD
SIEVE     MZ390 final_options=OBJ
SIEVE     MZ390 final_options=NOOBJHEX
SIEVE     MZ390 final_options=PC
SIEVE     MZ390 final_options=PCOPT
SIEVE     MZ390 final_options=NOPDSMEM8
SIEVE     MZ390 final_options=NOPRINTALL
SIEVE     MZ390 final_options=PROLOG
SIEVE     MZ390 final_options=PROTECT
SIEVE     MZ390 final_options=R64
SIEVE     MZ390 final_options=NOREFORMAT
SIEVE     MZ390 final_options=NOREGS
SIEVE     MZ390 final_options=RMODE24
SIEVE     MZ390 final_options=NORMODE31
SIEVE     MZ390 final_options=STATS
SIEVE     MZ390 final_options=NOTEST
SIEVE     MZ390 final_options=THREAD
SIEVE     MZ390 final_options=NOTIME
SIEVE     MZ390 final_options=NOTIMING
SIEVE     MZ390 final_options=NOTRACE
SIEVE     MZ390 final_options=NOTRACEA
SIEVE     MZ390 final_options=NOTRACEALL
SIEVE     MZ390 final_options=NOTRACEC
SIEVE     MZ390 final_options=NOTRACEG
SIEVE     MZ390 final_options=NOTRACEI
SIEVE     MZ390 final_options=NOTRACEL
SIEVE     MZ390 final_options=NOTRACEM
SIEVE     MZ390 final_options=NOTRACEP
SIEVE     MZ390 final_options=NOTRACEQ
SIEVE     MZ390 final_options=NOTRACES
SIEVE     MZ390 final_options=NOTRACET
SIEVE     MZ390 final_options=NOTRACEV
SIEVE     MZ390 final_options=TRAP
SIEVE     MZ390 final_options=NOTRUNC
SIEVE     MZ390 final_options=NOTS
SIEVE     MZ390 final_options=VCB
SIEVE     MZ390 final_options=WARN
SIEVE     MZ390 final_options=XREF
SIEVE     MZ390 final_options=ZSTRMAC
SIEVE     MZ390 final_options=CHKMAC=0
SIEVE     MZ390 final_options=CHKSRC=1
SIEVE     MZ390 final_options=ERR=100
SIEVE     MZ390 final_options=MAXCALL=50
SIEVE     MZ390 final_options=MAXDISPLAY=80
SIEVE     MZ390 final_options=MAXESD=1000
SIEVE     MZ390 final_options=MAXFILE=1000
SIEVE     MZ390 final_options=MAXGBL=100000
SIEVE     MZ390 final_options=MAXHEIGHT=600
SIEVE     MZ390 final_options=MAXLCL=100000
SIEVE     MZ390 final_options=MAXLEN=80
SIEVE     MZ390 final_options=MAXLINE=200000
SIEVE     MZ390 final_options=MAXLOG=1000000
SIEVE     MZ390 final_options=MAXPARM=10000
SIEVE     MZ390 final_options=MAXPASS=2
SIEVE     MZ390 final_options=MAXPC=50000
SIEVE     MZ390 final_options=MAXQUE=1000
SIEVE     MZ390 final_options=MAXRLD=10000
SIEVE     MZ390 final_options=MAXSIZE=52428800
SIEVE     MZ390 final_options=MAXSYM=50000
SIEVE     MZ390 final_options=MAXWARN=4
SIEVE     MZ390 final_options=MAXWIDTH=800
SIEVE     MZ390 final_options=MEM=1
SIEVE     MZ390 final_options=MINHEIGHT=150
SIEVE     MZ390 final_options=MINWIDTH=150
SIEVE     MZ390 final_options=MNOTE=0
SIEVE     MZ390 final_options=PARM=
SIEVE     MZ390 final_options=PROFILE=
SIEVE     MZ390 final_options=STATS=C:\Users\Achim\GitHub\z390\demo\SIEVE.STA
SIEVE     MZ390 final_options=SYSPARM=
SIEVE     MZ390 final_options=SYSTERM=C:\Users\Achim\GitHub\z390\demo\RTDEMO.ERR
SIEVE     MZ390 final_options=TESTDD=
SIEVE     MZ390 final_options=TIME=15
SIEVE     MZ390 final_options=TRACE=
SIEVE     MZ390 final_options=Z390ACROBAT=cmd.exe /c Start
SIEVE     MZ390 final_options=Z390BROWSER=cmd.exe /c Start
SIEVE     MZ390 final_options=Z390COMMAND=cmd.exe
SIEVE     MZ390 final_options=Z390EDITOR=notepad.exe
SIEVE     MZ390 final_options=INSTALL=
SIEVE     MZ390 final_options=IPL=
SIEVE     MZ390 final_options=LOG=
SIEVE     MZ390 final_options=SYS390=demo\+linklib
SIEVE     MZ390 final_options=SYSBAL=demo\
SIEVE     MZ390 final_options=SYSCPY=C:\Users\Achim\GitHub\z390\mac+.
SIEVE     MZ390 final_options=SYSDAT=demo\
SIEVE     MZ390 final_options=SYSERR=demo\
SIEVE     MZ390 final_options=SYSLOG=demo\
SIEVE     MZ390 final_options=SYSLST=demo\
SIEVE     MZ390 final_options=SYSMAC=C:\Users\Achim\GitHub\z390\mac+.
SIEVE     MZ390 final_options=SYSMLC=demo\
SIEVE     MZ390 final_options=SYSPCH=demo\
SIEVE     MZ390 final_options=SYSPRN=demo\
SIEVE     MZ390 final_options=SYSOBJ=demo\
SIEVE     MZ390 final_options=SYSOPT=demo\
SIEVE     MZ390 final_options=SYSTRC=demo\
SIEVE     MZ390 total MLC/MAC loaded  = 509
SIEVE     MZ390 total BAL output lines= 278
SIEVE     MZ390 total BAL instructions= 41
SIEVE     MZ390 total macros          = 9
SIEVE     MZ390 total macro loads     = 9
SIEVE     MZ390 total macro calls     = 24
SIEVE     MZ390 total AENTRY blocks   = 3
SIEVE     MZ390 total ACALL  calls    = 3
SIEVE     MZ390 total AIF    blocks   = 24
SIEVE     MZ390 total ACASE  blocks   = 0
SIEVE     MZ390 total AWHILE calls    = 4
SIEVE     MZ390 total AUNTIL blocks   = 0
SIEVE     MZ390 total global set names= 61
SIEVE     MZ390 tot global seta cells = 5
SIEVE     MZ390 tot global setb cells = 77
SIEVE     MZ390 tot global setc cells = 42
SIEVE     MZ390 max local pos parms   = 8
SIEVE     MZ390 max local key parms   = 12
SIEVE     MZ390 max local set names   = 17
SIEVE     MZ390 max local seta cells  = 5
SIEVE     MZ390 max local setb cells  = 2
SIEVE     MZ390 max local setc cells  = 25
SIEVE     MZ390 total array expansions= 0
SIEVE     MZ390 total Keys            = 1915
SIEVE     MZ390 Key searches          = 4473
SIEVE     MZ390 Key avg comps         = 0
SIEVE     MZ390 Key max comps         = 3
SIEVE     MZ390 total macro line exec = 592
SIEVE     MZ390 total pcode line exec = 180
SIEVE     MZ390 total pcode line gen. = 62
SIEVE     MZ390 total pcode line reuse= 0
SIEVE     MZ390 total pcode op   gen. = 312
SIEVE     MZ390 total pcode op   exec = 833
SIEVE     MZ390 total pcode gen  opt  = 110
SIEVE     MZ390 total pcode exec opt  = 1
SIEVE     MZ390 FID=  1 ERR= 0 C:\Users\Achim\GitHub\z390\demo\SIEVE.MLC
SIEVE     MZ390 FID=  2 ERR= 0 C:\Users\Achim\GitHub\z390\mac\SUBENTRY.MAC
SIEVE     MZ390 FID=  3 ERR= 0 C:\Users\Achim\GitHub\z390\mac\WTO.MAC
SIEVE     MZ390 FID=  4 ERR= 0 C:\Users\Achim\GitHub\z390\mac\CALL.MAC
SIEVE     MZ390 FID=  5 ERR= 0 C:\Users\Achim\GitHub\z390\mac\ZCALL.MAC
SIEVE     MZ390 FID=  6 ERR= 0 C:\Users\Achim\GitHub\z390\mac\SUBEXIT.MAC
SIEVE     MZ390 FID=  7 ERR= 0 C:\Users\Achim\GitHub\z390\mac\GETMAIN.MAC
SIEVE     MZ390 FID=  8 ERR= 0 C:\Users\Achim\GitHub\z390\mac\ZOPTLR.MAC
SIEVE     MZ390 FID=  9 ERR= 0 C:\Users\Achim\GitHub\z390\mac\EQUREGS.MAC
SIEVE     MZ390 total mnote warnings  = 0
SIEVE     MZ390 total mnote errors    = 0
SIEVE     MZ390 max   mnote level     = 0
SIEVE     MZ390 total mz390 errors    = 0
SIEVE     AZ390 BAL lines             = 278
SIEVE     AZ390 symbols               = 60
SIEVE     AZ390 Literals              = 4
SIEVE     AZ390 alloc passes          = 3
SIEVE     AZ390 Keys                  = 1383
SIEVE     AZ390 Key searches          = 3654
SIEVE     AZ390 Key avg comps         = 0
SIEVE     AZ390 Key max comps         = 3
SIEVE     AZ390 ESD symbols           = 2
SIEVE     AZ390 object bytes          = 1118
SIEVE     AZ390 object rlds           = 1
SIEVE     AZ390 total mnote warnings  = 0
SIEVE     AZ390 total mnote errors    = 0
SIEVE     AZ390 max   mnote level     = 0
SIEVE     AZ390 total mz390 errors    = 0
SIEVE     AZ390 total az390 errors    = 0
SIEVE     MZ390 ENDED RC= 0 IO=2355
SIEVE     LZ390 START
SIEVE     LZ390 Copyright 2011 Automated Software Tools Corporation
SIEVE     LZ390 Copyright 2013 Cat Herder Software, LLC
SIEVE     LZ390 Copyright 2018 Joachim Bartz, Germany
SIEVE     LZ390 z390 is licensed under GNU General Public License
SIEVE     LZ390 options = notiming stats systerm(demo\RTDEMO)
SIEVE     LZ390 program = demo\SIEVE.OBJ
SIEVE     LZ390 final_options=ALIGN
SIEVE     LZ390 final_options=NOALLOW
SIEVE     LZ390 final_options=NOAMODE24
SIEVE     LZ390 final_options=AMODE31
SIEVE     LZ390 final_options=NOASCII
SIEVE     LZ390 final_options=ASM
SIEVE     LZ390 final_options=NOASSIST
SIEVE     LZ390 final_options=AUTOLINK
SIEVE     LZ390 final_options=NOBAL
SIEVE     LZ390 final_options=NOBS2000
SIEVE     LZ390 final_options=EDF
SIEVE     LZ390 final_options=NOCICS
SIEVE     LZ390 final_options=CODEPAGE(ISO-8859-1+IBM1047)
SIEVE     LZ390 final_options=COMMENT
SIEVE     LZ390 final_options=CON
SIEVE     LZ390 final_options=NODUMP
SIEVE     LZ390 final_options=EPILOG
SIEVE     LZ390 final_options=NOERRSUM
SIEVE     LZ390 final_options=EXTEND
SIEVE     LZ390 final_options=FLOAT(DECIMAL)
SIEVE     LZ390 final_options=NOGUAM
SIEVE     LZ390 final_options=INIT
SIEVE     LZ390 final_options=LIST
SIEVE     LZ390 final_options=LISTCALL
SIEVE     LZ390 final_options=LISTUSE
SIEVE     LZ390 final_options=LOADHIGH
SIEVE     LZ390 final_options=NOMCALL
SIEVE     LZ390 final_options=NOMOD
SIEVE     LZ390 final_options=OBJ
SIEVE     LZ390 final_options=NOOBJHEX
SIEVE     LZ390 final_options=PC
SIEVE     LZ390 final_options=PCOPT
SIEVE     LZ390 final_options=NOPDSMEM8
SIEVE     LZ390 final_options=NOPRINTALL
SIEVE     LZ390 final_options=PROLOG
SIEVE     LZ390 final_options=PROTECT
SIEVE     LZ390 final_options=R64
SIEVE     LZ390 final_options=NOREFORMAT
SIEVE     LZ390 final_options=NOREGS
SIEVE     LZ390 final_options=RMODE24
SIEVE     LZ390 final_options=NORMODE31
SIEVE     LZ390 final_options=STATS
SIEVE     LZ390 final_options=NOTEST
SIEVE     LZ390 final_options=THREAD
SIEVE     LZ390 final_options=NOTIME
SIEVE     LZ390 final_options=NOTIMING
SIEVE     LZ390 final_options=NOTRACE
SIEVE     LZ390 final_options=NOTRACEA
SIEVE     LZ390 final_options=NOTRACEALL
SIEVE     LZ390 final_options=NOTRACEC
SIEVE     LZ390 final_options=NOTRACEG
SIEVE     LZ390 final_options=NOTRACEI
SIEVE     LZ390 final_options=NOTRACEL
SIEVE     LZ390 final_options=NOTRACEM
SIEVE     LZ390 final_options=NOTRACEP
SIEVE     LZ390 final_options=NOTRACEQ
SIEVE     LZ390 final_options=NOTRACES
SIEVE     LZ390 final_options=NOTRACET
SIEVE     LZ390 final_options=NOTRACEV
SIEVE     LZ390 final_options=TRAP
SIEVE     LZ390 final_options=NOTRUNC
SIEVE     LZ390 final_options=NOTS
SIEVE     LZ390 final_options=VCB
SIEVE     LZ390 final_options=WARN
SIEVE     LZ390 final_options=XREF
SIEVE     LZ390 final_options=ZSTRMAC
SIEVE     LZ390 final_options=CHKMAC=0
SIEVE     LZ390 final_options=CHKSRC=1
SIEVE     LZ390 final_options=ERR=100
SIEVE     LZ390 final_options=MAXCALL=50
SIEVE     LZ390 final_options=MAXDISPLAY=80
SIEVE     LZ390 final_options=MAXESD=1000
SIEVE     LZ390 final_options=MAXFILE=1000
SIEVE     LZ390 final_options=MAXGBL=100000
SIEVE     LZ390 final_options=MAXHEIGHT=600
SIEVE     LZ390 final_options=MAXLCL=100000
SIEVE     LZ390 final_options=MAXLEN=80
SIEVE     LZ390 final_options=MAXLINE=200000
SIEVE     LZ390 final_options=MAXLOG=1000000
SIEVE     LZ390 final_options=MAXPARM=10000
SIEVE     LZ390 final_options=MAXPASS=2
SIEVE     LZ390 final_options=MAXPC=50000
SIEVE     LZ390 final_options=MAXQUE=1000
SIEVE     LZ390 final_options=MAXRLD=10000
SIEVE     LZ390 final_options=MAXSIZE=52428800
SIEVE     LZ390 final_options=MAXSYM=50000
SIEVE     LZ390 final_options=MAXWARN=4
SIEVE     LZ390 final_options=MAXWIDTH=800
SIEVE     LZ390 final_options=MEM=1
SIEVE     LZ390 final_options=MINHEIGHT=150
SIEVE     LZ390 final_options=MINWIDTH=150
SIEVE     LZ390 final_options=MNOTE=0
SIEVE     LZ390 final_options=PARM=
SIEVE     LZ390 final_options=PROFILE=
SIEVE     LZ390 final_options=STATS=C:\Users\Achim\GitHub\z390\demo\SIEVE.STA
SIEVE     LZ390 final_options=SYSPARM=
SIEVE     LZ390 final_options=SYSTERM=C:\Users\Achim\GitHub\z390\demo\RTDEMO.ERR
SIEVE     LZ390 final_options=TESTDD=
SIEVE     LZ390 final_options=TIME=15
SIEVE     LZ390 final_options=TRACE=
SIEVE     LZ390 final_options=Z390ACROBAT=cmd.exe /c Start
SIEVE     LZ390 final_options=Z390BROWSER=cmd.exe /c Start
SIEVE     LZ390 final_options=Z390COMMAND=cmd.exe
SIEVE     LZ390 final_options=Z390EDITOR=notepad.exe
SIEVE     LZ390 final_options=INSTALL=
SIEVE     LZ390 final_options=IPL=
SIEVE     LZ390 final_options=LOG=
SIEVE     LZ390 final_options=SYS390=demo\+linklib
SIEVE     LZ390 final_options=SYSBAL=demo\
SIEVE     LZ390 final_options=SYSCPY=demo\
SIEVE     LZ390 final_options=SYSDAT=demo\
SIEVE     LZ390 final_options=SYSERR=demo\
SIEVE     LZ390 final_options=SYSLOG=demo\
SIEVE     LZ390 final_options=SYSLST=demo\
SIEVE     LZ390 final_options=SYSMAC=demo\
SIEVE     LZ390 final_options=SYSMLC=demo\
SIEVE     LZ390 final_options=SYSPCH=demo\
SIEVE     LZ390 final_options=SYSPRN=demo\
SIEVE     LZ390 final_options=SYSOBJ=demo\
SIEVE     LZ390 final_options=SYSOPT=demo\
SIEVE     LZ390 final_options=SYSTRC=demo\
SIEVE     LZ390 Stats total obj files = 2
SIEVE     LZ390 Stats total esds      = 2
SIEVE     LZ390 Stats total csects    = 2
SIEVE     LZ390 Stats total entries   = 0
SIEVE     LZ390 Stats missing wxtrn's = 0
SIEVE     LZ390 Stats Keys            = 2
SIEVE     LZ390 Stats Key searches    = 6
SIEVE     LZ390 Stats Key avg comps   = 0
SIEVE     LZ390 Stats Key max comps   = 1
SIEVE     LZ390 Stats total obj byte  = 1548
SIEVE     LZ390 Stats total obj rlds  = 1
SIEVE     LZ390 total errors          = 0
SIEVE     LZ390 ENDED RC= 0 IO=391
SIEVE     EZ390 START
SIEVE     EZ390 Copyright 2011 Automated Software Tools Corporation
SIEVE     EZ390 Copyright 2013 Cat Herder Software, LLC
SIEVE     EZ390 Copyright 2018 Joachim Bartz, Germany
SIEVE     EZ390 z390 is licensed under GNU General Public License
SIEVE     EZ390 program = demo\SIEVE.390
SIEVE     EZ390 options = notiming stats systerm(demo\RTDEMO)
SIEVE     EZ390 final_options=ALIGN
SIEVE     EZ390 final_options=NOALLOW
SIEVE     EZ390 final_options=NOAMODE24
SIEVE     EZ390 final_options=AMODE31
SIEVE     EZ390 final_options=NOASCII
SIEVE     EZ390 final_options=ASM
SIEVE     EZ390 final_options=NOASSIST
SIEVE     EZ390 final_options=AUTOLINK
SIEVE     EZ390 final_options=NOBAL
SIEVE     EZ390 final_options=NOBS2000
SIEVE     EZ390 final_options=EDF
SIEVE     EZ390 final_options=NOCICS
SIEVE     EZ390 final_options=CODEPAGE(ISO-8859-1+IBM1047)
SIEVE     EZ390 final_options=COMMENT
SIEVE     EZ390 final_options=CON
SIEVE     EZ390 final_options=NODUMP
SIEVE     EZ390 final_options=EPILOG
SIEVE     EZ390 final_options=NOERRSUM
SIEVE     EZ390 final_options=EXTEND
SIEVE     EZ390 final_options=FLOAT(DECIMAL)
SIEVE     EZ390 final_options=NOGUAM
SIEVE     EZ390 final_options=INIT
SIEVE     EZ390 final_options=LIST
SIEVE     EZ390 final_options=LISTCALL
SIEVE     EZ390 final_options=LISTUSE
SIEVE     EZ390 final_options=LOADHIGH
SIEVE     EZ390 final_options=NOMCALL
SIEVE     EZ390 final_options=NOMOD
SIEVE     EZ390 final_options=OBJ
SIEVE     EZ390 final_options=NOOBJHEX
SIEVE     EZ390 final_options=PC
SIEVE     EZ390 final_options=PCOPT
SIEVE     EZ390 final_options=NOPDSMEM8
SIEVE     EZ390 final_options=NOPRINTALL
SIEVE     EZ390 final_options=PROLOG
SIEVE     EZ390 final_options=PROTECT
SIEVE     EZ390 final_options=R64
SIEVE     EZ390 final_options=NOREFORMAT
SIEVE     EZ390 final_options=NOREGS
SIEVE     EZ390 final_options=RMODE24
SIEVE     EZ390 final_options=NORMODE31
SIEVE     EZ390 final_options=STATS
SIEVE     EZ390 final_options=NOTEST
SIEVE     EZ390 final_options=THREAD
SIEVE     EZ390 final_options=NOTIME
SIEVE     EZ390 final_options=NOTIMING
SIEVE     EZ390 final_options=NOTRACE
SIEVE     EZ390 final_options=NOTRACEA
SIEVE     EZ390 final_options=NOTRACEALL
SIEVE     EZ390 final_options=NOTRACEC
SIEVE     EZ390 final_options=NOTRACEG
SIEVE     EZ390 final_options=NOTRACEI
SIEVE     EZ390 final_options=NOTRACEL
SIEVE     EZ390 final_options=NOTRACEM
SIEVE     EZ390 final_options=NOTRACEP
SIEVE     EZ390 final_options=NOTRACEQ
SIEVE     EZ390 final_options=NOTRACES
SIEVE     EZ390 final_options=NOTRACET
SIEVE     EZ390 final_options=NOTRACEV
SIEVE     EZ390 final_options=TRAP
SIEVE     EZ390 final_options=NOTRUNC
SIEVE     EZ390 final_options=NOTS
SIEVE     EZ390 final_options=VCB
SIEVE     EZ390 final_options=WARN
SIEVE     EZ390 final_options=XREF
SIEVE     EZ390 final_options=ZSTRMAC
SIEVE     EZ390 final_options=CHKMAC=0
SIEVE     EZ390 final_options=CHKSRC=1
SIEVE     EZ390 final_options=ERR=100
SIEVE     EZ390 final_options=MAXCALL=50
SIEVE     EZ390 final_options=MAXDISPLAY=80
SIEVE     EZ390 final_options=MAXESD=1000
SIEVE     EZ390 final_options=MAXFILE=1000
SIEVE     EZ390 final_options=MAXGBL=100000
SIEVE     EZ390 final_options=MAXHEIGHT=600
SIEVE     EZ390 final_options=MAXLCL=100000
SIEVE     EZ390 final_options=MAXLEN=80
SIEVE     EZ390 final_options=MAXLINE=200000
SIEVE     EZ390 final_options=MAXLOG=1000000
SIEVE     EZ390 final_options=MAXPARM=10000
SIEVE     EZ390 final_options=MAXPASS=2
SIEVE     EZ390 final_options=MAXPC=50000
SIEVE     EZ390 final_options=MAXQUE=1000
SIEVE     EZ390 final_options=MAXRLD=10000
SIEVE     EZ390 final_options=MAXSIZE=52428800
SIEVE     EZ390 final_options=MAXSYM=50000
SIEVE     EZ390 final_options=MAXWARN=4
SIEVE     EZ390 final_options=MAXWIDTH=800
SIEVE     EZ390 final_options=MEM=1
SIEVE     EZ390 final_options=MINHEIGHT=150
SIEVE     EZ390 final_options=MINWIDTH=150
SIEVE     EZ390 final_options=MNOTE=0
SIEVE     EZ390 final_options=PARM=
SIEVE     EZ390 final_options=PROFILE=
SIEVE     EZ390 final_options=STATS=C:\Users\Achim\GitHub\z390\demo\SIEVE.STA
SIEVE     EZ390 final_options=SYSPARM=
SIEVE     EZ390 final_options=SYSTERM=C:\Users\Achim\GitHub\z390\demo\RTDEMO.ERR
SIEVE     EZ390 final_options=TESTDD=
SIEVE     EZ390 final_options=TIME=15
SIEVE     EZ390 final_options=TRACE=
SIEVE     EZ390 final_options=Z390ACROBAT=cmd.exe /c Start
SIEVE     EZ390 final_options=Z390BROWSER=cmd.exe /c Start
SIEVE     EZ390 final_options=Z390COMMAND=cmd.exe
SIEVE     EZ390 final_options=Z390EDITOR=notepad.exe
SIEVE     EZ390 final_options=INSTALL=
SIEVE     EZ390 final_options=IPL=
SIEVE     EZ390 final_options=LOG=C:\Users\Achim\GitHub\z390\demo\SIEVE.LOG
SIEVE     EZ390 final_options=SYS390=demo\+linklib
SIEVE     EZ390 final_options=SYSBAL=demo\
SIEVE     EZ390 final_options=SYSCPY=demo\
SIEVE     EZ390 final_options=SYSDAT=demo\
SIEVE     EZ390 final_options=SYSERR=demo\
SIEVE     EZ390 final_options=SYSLOG=demo\
SIEVE     EZ390 final_options=SYSLST=demo\
SIEVE     EZ390 final_options=SYSMAC=demo\
SIEVE     EZ390 final_options=SYSMLC=demo\
SIEVE     EZ390 final_options=SYSPCH=demo\
SIEVE     EZ390 final_options=SYSPRN=demo\
SIEVE     EZ390 final_options=SYSOBJ=demo\
SIEVE     EZ390 final_options=SYSOPT=demo\
SIEVE     EZ390 final_options=SYSTRC=demo\
SIEVE     EZ390 TCPIO operations      = 0
SIEVE     EZ390 DCB operations        = 0
SIEVE     EZ390 VSAM operations       = 0
SIEVE     EZ390 Keys                  = 2467
SIEVE     EZ390 Key searches          = 2
SIEVE     EZ390 Key avg comps         = 0
SIEVE     EZ390 Key max comps         = 0
SIEVE     EZ390 total errors          = 0
SIEVE     EZ390 ENDED RC= 0 IO=370 INS=5321914
