STDDEVLB  LZ390 START
LZ390I Copyright 2011 Automated Software Tools Corporation
LZ390I Copyright 2013 Cat Herder Software, LLC
LZ390I Copyright 2018 Joachim Bartz, Germany
LZ390I z390 is licensed under GNU General Public License
LZ390I options = notiming stats systerm(demo\RTDEMO)
LZ390I program = demo\STDDEVLB.OBJ
LZ390I ESD=STDDEV   LOC=00000000 LEN=000001A0
LZ390I ESD=STDDEVLB LOC=000001A0 LEN=00000238
LZ390I INCLUDE = demo\STDDEVLB.OBJ
LZ390I RLD LOC=00000078 FLD=00000100 EXT=00000000
LZ390I RLD LOC=0000007C FLD=00000140 EXT=00000000
LZ390I RLD LOC=00000080 FLD=00000148 EXT=00000000
LZ390I RLD LOC=000000F0 FLD=00000000 EXT=000001A0
LZ390I RLD LOC=000000F8 FLD=00000148 EXT=00000000
LZ390I RLD LOC=000000FC FLD=00000170 EXT=00000000
LZ390I RLD LOC=000003C0 FLD=00000168 EXT=000001A0
LZ390I RLD LOC=000003C4 FLD=000001A0 EXT=000001A0
LZ390I RLD LOC=000003CC FLD=00000178 EXT=000001A0
LZ390I RLD LOC=000003D0 FLD=000001E5 EXT=000001A0
LZ390I total errors         = 0
STDDEVLB  LZ390 ENDED RC= 0 IO=344
