SOLP06    LZ390 START
LZ390I Copyright 2011 Automated Software Tools Corporation
LZ390I Copyright 2013 Cat Herder Software, LLC
LZ390I Copyright 2018 Joachim Bartz, Germany
LZ390I z390 is licensed under GNU General Public License
LZ390I options = assist notiming stats 
  systerm(assist\RTASSIST)
LZ390I program = assist\SOLP06.OBJ
LZ390I ESD=MAIN     LOC=00000000 LEN=00001968
LZ390I INCLUDE = assist\SOLP06.OBJ
LZ390I RLD LOC=000000F8 FLD=0000056C EXT=00000000
LZ390I RLD LOC=000000FC FLD=00000560 EXT=00000000
LZ390I RLD LOC=00000100 FLD=000004D0 EXT=00000000
LZ390I RLD LOC=00000104 FLD=000008DC EXT=00000000
LZ390I RLD LOC=00000108 FLD=00000564 EXT=00000000
LZ390I RLD LOC=0000010C FLD=000004D0 EXT=00000000
LZ390I RLD LOC=00000110 FLD=0000056C EXT=00000000
LZ390I RLD LOC=00000114 FLD=00000560 EXT=00000000
LZ390I RLD LOC=00000118 FLD=000008DC EXT=00000000
LZ390I RLD LOC=0000011C FLD=00000564 EXT=00000000
LZ390I RLD LOC=00000120 FLD=00000C4C EXT=00000000
LZ390I RLD LOC=00000124 FLD=00000568 EXT=00000000
LZ390I RLD LOC=00000128 FLD=000004D0 EXT=00000000
LZ390I RLD LOC=00000560 FLD=0000056C EXT=00000000
LZ390I RLD LOC=00000564 FLD=000008DC EXT=00000000
LZ390I RLD LOC=00000568 FLD=00000C4C EXT=00000000
LZ390I total errors         = 0
SOLP06    LZ390 ENDED RC= 0 IO=545
